[10:46:42] [main/INFO]: Logging in with username & password
[10:46:58] [main/INFO]: Setting user: DaJackyl
[10:47:02] [Client thread/INFO]: LWJGL Version: 2.9.1
[10:47:07] [Twitch authenticator/ERROR]: Given twitch access token is invalid
[10:47:41] [Client thread/INFO]: Reloading ResourceManager: Default, FMLFileResourcePack:Forge Mod Loader, FMLFileResourcePack:Minecraft Forge, FMLFileResourcePack:Not Enough Items, FMLFileResourcePack:Shinsei Mod, FMLFileResourcePack:D3Core, FMLFileResourcePack:GreenThumb, FMLFileResourcePack:Inventory Tweaks, FMLFileResourcePack:JABBA, FMLFileResourcePack:Progressive Automation, FMLFileResourcePack:Waila, FMLFileResourcePack:Waila Harvestability
[10:47:41] [Client thread/WARN]: ResourcePack: ignored non-lowercase namespace: %s in %s
[10:47:41] [Client thread/WARN]: ResourcePack: ignored non-lowercase namespace: %s in %s
[10:47:41] [Client thread/WARN]: ResourcePack: ignored non-lowercase namespace: %s in %s
[10:47:41] [Client thread/WARN]: ResourcePack: ignored non-lowercase namespace: %s in %s
[10:47:41] [Client thread/WARN]: ResourcePack: ignored non-lowercase namespace: %s in %s
[10:47:41] [Client thread/WARN]: ResourcePack: ignored non-lowercase namespace: %s in %s
[10:47:49] [Sound Library Loader/INFO]: Sound engine started
[10:48:19] [Client thread/INFO]: Created: 512x512 textures/blocks-atlas
[10:48:24] [Client thread/INFO]: Created: 512x512 textures/items-atlas
[10:48:27] [Client thread/INFO]: Reloading ResourceManager: Default, FMLFileResourcePack:Forge Mod Loader, FMLFileResourcePack:Minecraft Forge, FMLFileResourcePack:Not Enough Items, FMLFileResourcePack:Shinsei Mod, FMLFileResourcePack:D3Core, FMLFileResourcePack:GreenThumb, FMLFileResourcePack:Inventory Tweaks, FMLFileResourcePack:JABBA, FMLFileResourcePack:Progressive Automation, FMLFileResourcePack:Waila, FMLFileResourcePack:Waila Harvestability
[10:48:27] [Client thread/WARN]: ResourcePack: ignored non-lowercase namespace: %s in %s
[10:48:27] [Client thread/WARN]: ResourcePack: ignored non-lowercase namespace: %s in %s
[10:48:27] [Client thread/WARN]: ResourcePack: ignored non-lowercase namespace: %s in %s
[10:48:27] [Client thread/WARN]: ResourcePack: ignored non-lowercase namespace: %s in %s
[10:48:27] [Client thread/WARN]: ResourcePack: ignored non-lowercase namespace: %s in %s
[10:48:27] [Client thread/WARN]: ResourcePack: ignored non-lowercase namespace: %s in %s
[10:48:27] [Client thread/INFO]: Created: 512x512 textures/items-atlas
[10:48:28] [Client thread/INFO]: Created: 512x512 textures/blocks-atlas
[10:48:29] [Sound Library Loader/INFO]: Sound engine started
[10:48:41] [Server thread/INFO]: Starting integrated minecraft server version 1.7.10
[10:48:41] [Server thread/INFO]: Generating keypair
[10:48:43] [Server thread/INFO]: Preparing start region for level 0
[10:48:44] [Server thread/INFO]: Preparing spawn area: 9%
[10:48:45] [Server thread/INFO]: Preparing spawn area: 17%
[10:48:46] [Server thread/INFO]: Preparing spawn area: 27%
[10:48:47] [Server thread/INFO]: Preparing spawn area: 58%
[10:48:47] [Server thread/INFO]: Changing view distance to 12, from 10
[10:48:48] [Server thread/INFO]: DaJackyl[local:E:92196573] logged in with entity id 223 at (-235.27617752729256, 65.0, 282.04022357058415)
[10:48:48] [Server thread/INFO]: DaJackyl joined the game
[10:48:49] [Client thread/INFO]: [CHAT] Updates available for these mods:
[10:48:49] [Client thread/INFO]: [CHAT] D3Core: 1.0.0.9 -> 1.0.0.11
[10:48:49] [Client thread/INFO]: [CHAT] GreenThumb: 1.1.0.1 -> 1.1.0.3
[10:48:49] [Client thread/INFO]: [CHAT] Download here! <- That is a link btw :p
[10:48:55] [Server thread/INFO]: Saving and pausing game...
[10:48:55] [Server thread/INFO]: Saving chunks for level 'Shinsei Beta'/Overworld
[10:48:55] [Server thread/INFO]: Saving chunks for level 'Shinsei Beta'/Nether
[10:48:55] [Server thread/INFO]: Saving chunks for level 'Shinsei Beta'/The End
[10:48:55] [Client thread/INFO]: [CHAT] InvTweaks: Configuration loaded.
[12:35:54] [Client thread/INFO]: Stopping!
[12:35:54] [Server thread/INFO]: Stopping server
[12:35:54] [Server thread/INFO]: Saving players
[12:35:54] [Server thread/INFO]: Saving worlds
[12:35:54] [Server thread/INFO]: Saving chunks for level 'Shinsei Beta'/Overworld
[12:35:54] [Server thread/INFO]: Saving chunks for level 'Shinsei Beta'/Nether
[12:35:54] [Server thread/INFO]: Saving chunks for level 'Shinsei Beta'/The End
