#
# A fatal error has been detected by the Java Runtime Environment:
#
#  EXCEPTION_ACCESS_VIOLATION (0xc0000005) at pc=0x0000000063aa63cc, pid=620, tid=6812
#
# JRE version: Java(TM) SE Runtime Environment (7.0_55-b13) (build 1.7.0_55-b13)
# Java VM: Java HotSpot(TM) 64-Bit Server VM (24.55-b03 mixed mode windows-amd64 compressed oops)
# Problematic frame:
# V  [jvm.dll+0x3563cc]
#
# Failed to write core dump. Minidumps are not enabled by default on client versions of Windows
#
# If you would like to submit a bug report, please visit:
#   http://bugreport.sun.com/bugreport/crash.jsp
#

---------------  T H R E A D  ---------------

Current thread (0x000000000233f800):  GCTaskThread [stack: 0x000000000a0a0000,0x000000000a1a0000] [id=6812]

siginfo: ExceptionCode=0xc0000005, reading address 0xffffffffffffffff

Registers:
RAX=0x040800000000ffff, RBX=0x0020519200000009, RCX=0x00000000006c003e, RDX=0x00000000d5089788
RSP=0x000000000a19f510, RBP=0x000000000a19f5b9, RSI=0x000000000a19f6c0, RDI=0x0020519300000009
R8 =0x000000000a19f540, R9 =0x00000000069b5a60, R10=0x0000000000000009, R11=0x00000000d5089788
R12=0x00000000069b5a68, R13=0x00000000d5089788, R14=0x0000000000000000, R15=0x0000000000000000
RIP=0x0000000063aa63cc, EFLAGS=0x0000000000010206

Top of Stack: (sp=0x000000000a19f510)
0x000000000a19f510:   000000000a380088 000000000a19f6c0
0x000000000a19f520:   000000000a19f6c0 0020519000000009
0x000000000a19f530:   0000000000000000 0000000000000000
0x000000000a19f540:   0000000063d03618 0000000000000000
0x000000000a19f550:   000000000234ef70 00000000023c5080
0x000000000a19f560:   00000000023c55c0 000000007705c300
0x000000000a19f570:   00000000d0350000 0000000005f96000
0x000000000a19f580:   00000000d5050000 0000000000020000
0x000000000a19f590:   00000000023c5330 00000000069b5a60
0x000000000a19f5a0:   00000000023c54b0 00000000d508d790
0x000000000a19f5b0:   000000000abbf778 000000000a19f6c0
0x000000000a19f5c0:   00000000d5050000 0000000000020000
0x000000000a19f5d0:   00175d270000051b 000000000a19f720
0x000000000a19f5e0:   0000000000027001 00000000d0350000
0x000000000a19f5f0:   00000000023c53b8 00000000d5089788
0x000000000a19f600:   00000000009c0000 000000000a19f6c0 

Instructions: (pc=0x0000000063aa63cc)
0x0000000063aa63ac:   39 00 48 d3 e0 48 03 05 f8 54 39 00 eb 04 49 8b
0x0000000063aa63bc:   45 08 48 8d 48 10 4c 8d 45 87 49 8b d5 48 8b 01
0x0000000063aa63cc:   ff 90 20 02 00 00 44 8b 1d d7 d2 3f 00 45 85 db
0x0000000063aa63dc:   eb 91 4c 8b ac 24 d0 00 00 00 48 81 c4 d8 00 00 


Register to memory mapping:

RAX=0x040800000000ffff is an unknown value
RBX=0x0020519200000009 is an unknown value
RCX=0x00000000006c003e is an unknown value
RDX=0x00000000d5089788 is pointing into object: 0x00000000d5089778
[C 
 - klass: {type array char}
 - length: 18
RSP=0x000000000a19f510 is an unknown value
RBP=0x000000000a19f5b9 is an unknown value
RSI=0x000000000a19f6c0 is an unknown value
RDI=0x0020519300000009 is an unknown value
R8 =0x000000000a19f540 is an unknown value
R9 =0x00000000069b5a60 is an unknown value
R10=0x0000000000000009 is an unknown value
R11=0x00000000d5089788 is pointing into object: 0x00000000d5089778
[C 
 - klass: {type array char}
 - length: 18
R12=0x00000000069b5a68 is an unknown value
R13=0x00000000d5089788 is pointing into object: 0x00000000d5089778
[C 
 - klass: {type array char}
 - length: 18
R14=0x0000000000000000 is an unknown value
R15=0x0000000000000000 is an unknown value


Stack: [0x000000000a0a0000,0x000000000a1a0000],  sp=0x000000000a19f510,  free space=1021k
Native frames: (J=compiled Java code, j=interpreted, Vv=VM code, C=native code)
V  [jvm.dll+0x3563cc]


---------------  P R O C E S S  ---------------

Java Threads: ( => current thread )
  0x000000000d93c800 JavaThread "Server thread" [_thread_in_vm, id=1416, stack(0x0000000017b50000,0x0000000017c50000)]
  0x0000000015dd8800 JavaThread "Snooper Timer" daemon [_thread_blocked, id=8620, stack(0x000000001db60000,0x000000001dc60000)]
  0x000000000d21a000 JavaThread "LWJGL Timer" daemon [_thread_blocked, id=6644, stack(0x000000001d990000,0x000000001da90000)]
  0x000000000dc71000 JavaThread "Thread-11" [_thread_blocked, id=8820, stack(0x000000001d860000,0x000000001d960000)]
  0x0000000015ed9000 JavaThread "Thread-10" [_thread_blocked, id=7632, stack(0x000000001b920000,0x000000001ba20000)]
  0x000000000e00f800 JavaThread "Timer hack thread" daemon [_thread_blocked, id=9124, stack(0x000000000f300000,0x000000000f400000)]
  0x0000000014f43000 JavaThread "Snooper Timer" daemon [_thread_blocked, id=8352, stack(0x000000000f5c0000,0x000000000f6c0000)]
  0x000000000c4e1000 JavaThread "AWT-Windows" daemon [_thread_in_native, id=8220, stack(0x000000000ecb0000,0x000000000edb0000)]
  0x000000000c597000 JavaThread "Java2D Disposer" daemon [_thread_blocked, id=6024, stack(0x000000000e9f0000,0x000000000eaf0000)]
  0x000000000c039000 JavaThread "Monitor Ctrl-Break" daemon [_thread_in_native, id=8392, stack(0x000000000c710000,0x000000000c810000)]
  0x000000000ad2a000 JavaThread "Service Thread" daemon [_thread_blocked, id=6032, stack(0x000000000bae0000,0x000000000bbe0000)]
  0x000000000ad29800 JavaThread "C2 CompilerThread1" daemon [_thread_blocked, id=5664, stack(0x000000000b980000,0x000000000ba80000)]
  0x000000000ad13000 JavaThread "C2 CompilerThread0" daemon [_thread_blocked, id=7744, stack(0x000000000b820000,0x000000000b920000)]
  0x000000000ad11000 JavaThread "Attach Listener" daemon [_thread_blocked, id=5332, stack(0x000000000b5c0000,0x000000000b6c0000)]
  0x000000000ad0e000 JavaThread "Signal Dispatcher" daemon [_thread_blocked, id=3552, stack(0x000000000b1e0000,0x000000000b2e0000)]
  0x000000000ad0d800 JavaThread "Surrogate Locker Thread (Concurrent GC)" daemon [_thread_blocked, id=6340, stack(0x000000000b420000,0x000000000b520000)]
  0x000000000acb8800 JavaThread "Finalizer" daemon [_thread_blocked, id=7148, stack(0x000000000b320000,0x000000000b420000)]
  0x000000000acb0000 JavaThread "Reference Handler" daemon [_thread_blocked, id=8612, stack(0x000000000b060000,0x000000000b160000)]
  0x0000000002324000 JavaThread "Client thread" [_thread_blocked, id=3320, stack(0x0000000002450000,0x0000000002550000)]

Other Threads:
  0x000000000acad000 VMThread [stack: 0x000000000a9a0000,0x000000000aaa0000] [id=7232]
  0x000000000ad6d000 WatcherThread [stack: 0x000000000bd10000,0x000000000be10000] [id=5532]

=>0x000000000233f800 (exited) GCTaskThread [stack: 0x000000000a0a0000,0x000000000a1a0000] [id=6812]

VM state:not at safepoint (normal execution)

VM Mutex/Monitor currently owned by a thread:  ([mutex/lock_event])
[0x0000000002322930] Heap_lock - owner thread: 0x000000000d93c800
[0x0000000002322eb0] MethodData_lock - owner thread: 0x000000000d93c800

Heap
 par new generation   total 314560K, used 106590K [0x00000000bae00000, 0x00000000d0350000, 0x00000000d0350000)
  eden space 279616K,  38% used [0x00000000bae00000, 0x00000000c1617b28, 0x00000000cbf10000)
  from space 34944K,   0% used [0x00000000cbf10000, 0x00000000cbf10000, 0x00000000ce130000)
  to   space 34944K,   0% used [0x00000000ce130000, 0x00000000ce130000, 0x00000000d0350000)
 concurrent mark-sweep generation total 699072K, used 105164K [0x00000000d0350000, 0x00000000fae00000, 0x00000000fae00000)
 concurrent-mark-sweep perm gen total 61152K, used 37898K [0x00000000fae00000, 0x00000000fe9b8000, 0x0000000100000000)

Card table byte_map: [0x0000000005f90000,0x00000000061c0000] byte_map_base: 0x00000000059b9000

Polling page: 0x0000000000450000

Code Cache  [0x0000000002650000, 0x0000000002a80000, 0x0000000005650000)
 total_blobs=2059 nmethods=1309 adapters=702 free_code_cache=45006Kb largest_free_block=45981440

Compilation events (10 events):
Event: 52.987 Thread 0x000000000ad29800 nmethod 1453 0x0000000002a74190 code [0x0000000002a74360, 0x0000000002a75330]
Event: 52.987 Thread 0x000000000ad29800 1458             sun.util.calendar.ZoneInfo::getTransitionIndex (156 bytes)
Event: 52.993 Thread 0x000000000ad29800 nmethod 1458 0x0000000002a6ea50 code [0x0000000002a6eba0, 0x0000000002a6ef18]
Event: 53.005 Thread 0x000000000ad13000 nmethod 1457 0x0000000002a70090 code [0x0000000002a702e0, 0x0000000002a70e70]
Event: 53.006 Thread 0x000000000ad29800 1459             com.google.common.collect.TransformedIterator::next (14 bytes)
Event: 53.008 Thread 0x000000000ad13000 1460             cpw.mods.fml.common.registry.FMLControlledNamespacedRegistry::getRaw (13 bytes)
Event: 53.010 Thread 0x000000000ad13000 nmethod 1460 0x0000000002a6e4d0 code [0x0000000002a6e620, 0x0000000002a6e7b8]
Event: 53.010 Thread 0x000000000ad13000 1461             net.minecraft.util.RegistryNamespaced::getObjectById (9 bytes)
Event: 53.011 Thread 0x000000000ad13000 nmethod 1461 0x00000000028bc090 code [0x00000000028bc1e0, 0x00000000028bc2b8]
Event: 53.011 Thread 0x000000000ad29800 nmethod 1459 0x0000000002725810 code [0x00000000027259a0, 0x0000000002725d18]

GC Heap History (10 events):
Event: 20.054 GC heap before
{Heap before GC invocations=8 (full 5):
 par new generation   total 314560K, used 314560K [0x00000000bae00000, 0x00000000d0350000, 0x00000000d0350000)
  eden space 279616K, 100% used [0x00000000bae00000, 0x00000000cbf10000, 0x00000000cbf10000)
  from space 34944K, 100% used [0x00000000ce130000, 0x00000000d0350000, 0x00000000d0350000)
  to   space 34944K,   0% used [0x00000000cbf10000, 0x00000000cbf10000, 0x00000000ce130000)
 concurrent mark-sweep generation total 699072K, used 123629K [0x00000000d0350000, 0x00000000fae00000, 0x00000000fae00000)
 concurrent-mark-sweep perm gen total 49728K, used 33678K [0x00000000fae00000, 0x00000000fde90000, 0x0000000100000000)
Event: 20.071 GC heap after
Heap after GC invocations=9 (full 5):
 par new generation   total 314560K, used 21877K [0x00000000bae00000, 0x00000000d0350000, 0x00000000d0350000)
  eden space 279616K,   0% used [0x00000000bae00000, 0x00000000bae00000, 0x00000000cbf10000)
  from space 34944K,  62% used [0x00000000cbf10000, 0x00000000cd46d6e8, 0x00000000ce130000)
  to   space 34944K,   0% used [0x00000000ce130000, 0x00000000ce130000, 0x00000000d0350000)
 concurrent mark-sweep generation total 699072K, used 123629K [0x00000000d0350000, 0x00000000fae00000, 0x00000000fae00000)
 concurrent-mark-sweep perm gen total 49728K, used 33678K [0x00000000fae00000, 0x00000000fde90000, 0x0000000100000000)
}
Event: 21.819 GC heap before
{Heap before GC invocations=9 (full 5):
 par new generation   total 314560K, used 301493K [0x00000000bae00000, 0x00000000d0350000, 0x00000000d0350000)
  eden space 279616K, 100% used [0x00000000bae00000, 0x00000000cbf10000, 0x00000000cbf10000)
  from space 34944K,  62% used [0x00000000cbf10000, 0x00000000cd46d6e8, 0x00000000ce130000)
  to   space 34944K,   0% used [0x00000000ce130000, 0x00000000ce130000, 0x00000000d0350000)
 concurrent mark-sweep generation total 699072K, used 89215K [0x00000000d0350000, 0x00000000fae00000, 0x00000000fae00000)
 concurrent-mark-sweep perm gen total 57916K, used 35743K [0x00000000fae00000, 0x00000000fe68f000, 0x0000000100000000)
Event: 21.846 GC heap after
Heap after GC invocations=10 (full 5):
 par new generation   total 314560K, used 24777K [0x00000000bae00000, 0x00000000d0350000, 0x00000000d0350000)
  eden space 279616K,   0% used [0x00000000bae00000, 0x00000000bae00000, 0x00000000cbf10000)
  from space 34944K,  70% used [0x00000000ce130000, 0x00000000cf962790, 0x00000000d0350000)
  to   space 34944K,   0% used [0x00000000cbf10000, 0x00000000cbf10000, 0x00000000ce130000)
 concurrent mark-sweep generation total 699072K, used 94987K [0x00000000d0350000, 0x00000000fae00000, 0x00000000fae00000)
 concurrent-mark-sweep perm gen total 57916K, used 35743K [0x00000000fae00000, 0x00000000fe68f000, 0x0000000100000000)
}
Event: 23.858 GC heap before
{Heap before GC invocations=10 (full 6):
 par new generation   total 314560K, used 290143K [0x00000000bae00000, 0x00000000d0350000, 0x00000000d0350000)
  eden space 279616K,  94% used [0x00000000bae00000, 0x00000000cb125510, 0x00000000cbf10000)
  from space 34944K,  70% used [0x00000000ce130000, 0x00000000cf962790, 0x00000000d0350000)
  to   space 34944K,   0% used [0x00000000cbf10000, 0x00000000cbf10000, 0x00000000ce130000)
 concurrent mark-sweep generation total 699072K, used 94987K [0x00000000d0350000, 0x00000000fae00000, 0x00000000fae00000)
 concurrent-mark-sweep perm gen total 57916K, used 35981K [0x00000000fae00000, 0x00000000fe68f000, 0x0000000100000000)
Event: 23.883 GC heap after
Heap after GC invocations=11 (full 6):
 par new generation   total 314560K, used 17003K [0x00000000bae00000, 0x00000000d0350000, 0x00000000d0350000)
  eden space 279616K,   0% used [0x00000000bae00000, 0x00000000bae00000, 0x00000000cbf10000)
  from space 34944K,  48% used [0x00000000cbf10000, 0x00000000ccfaae50, 0x00000000ce130000)
  to   space 34944K,   0% used [0x00000000ce130000, 0x00000000ce130000, 0x00000000d0350000)
 concurrent mark-sweep generation total 699072K, used 103550K [0x00000000d0350000, 0x00000000fae00000, 0x00000000fae00000)
 concurrent-mark-sweep perm gen total 57916K, used 35981K [0x00000000fae00000, 0x00000000fe68f000, 0x0000000100000000)
}
Event: 51.292 GC heap before
{Heap before GC invocations=11 (full 6):
 par new generation   total 314560K, used 234490K [0x00000000bae00000, 0x00000000d0350000, 0x00000000d0350000)
  eden space 279616K,  77% used [0x00000000bae00000, 0x00000000c82639b0, 0x00000000cbf10000)
  from space 34944K,  48% used [0x00000000cbf10000, 0x00000000ccfaae50, 0x00000000ce130000)
  to   space 34944K,   0% used [0x00000000ce130000, 0x00000000ce130000, 0x00000000d0350000)
 concurrent mark-sweep generation total 699072K, used 98152K [0x00000000d0350000, 0x00000000fae00000, 0x00000000fae00000)
 concurrent-mark-sweep perm gen total 60412K, used 36701K [0x00000000fae00000, 0x00000000fe8ff000, 0x0000000100000000)
Event: 51.797 GC heap after
Heap after GC invocations=12 (full 7):
 par new generation   total 314560K, used 0K [0x00000000bae00000, 0x00000000d0350000, 0x00000000d0350000)
  eden space 279616K,   0% used [0x00000000bae00000, 0x00000000bae00000, 0x00000000cbf10000)
  from space 34944K,   0% used [0x00000000cbf10000, 0x00000000cbf10000, 0x00000000ce130000)
  to   space 34944K,   0% used [0x00000000ce130000, 0x00000000ce130000, 0x00000000d0350000)
 concurrent mark-sweep generation total 699072K, used 105325K [0x00000000d0350000, 0x00000000fae00000, 0x00000000fae00000)
 concurrent-mark-sweep perm gen total 61152K, used 36690K [0x00000000fae00000, 0x00000000fe9b8000, 0x0000000100000000)
}
Event: 51.799 GC heap before
{Heap before GC invocations=12 (full 8):
 par new generation   total 314560K, used 0K [0x00000000bae00000, 0x00000000d0350000, 0x00000000d0350000)
  eden space 279616K,   0% used [0x00000000bae00000, 0x00000000bae00000, 0x00000000cbf10000)
  from space 34944K,   0% used [0x00000000cbf10000, 0x00000000cbf10000, 0x00000000ce130000)
  to   space 34944K,   0% used [0x00000000ce130000, 0x00000000ce130000, 0x00000000d0350000)
 concurrent mark-sweep generation total 699072K, used 105325K [0x00000000d0350000, 0x00000000fae00000, 0x00000000fae00000)
 concurrent-mark-sweep perm gen total 61152K, used 36690K [0x00000000fae00000, 0x00000000fe9b8000, 0x0000000100000000)
Event: 52.316 GC heap after
Heap after GC invocations=13 (full 9):
 par new generation   total 314560K, used 0K [0x00000000bae00000, 0x00000000d0350000, 0x00000000d0350000)
  eden space 279616K,   0% used [0x00000000bae00000, 0x00000000bae00000, 0x00000000cbf10000)
  from space 34944K,   0% used [0x00000000cbf10000, 0x00000000cbf10000, 0x00000000ce130000)
  to   space 34944K,   0% used [0x00000000ce130000, 0x00000000ce130000, 0x00000000d0350000)
 concurrent mark-sweep generation total 699072K, used 105164K [0x00000000d0350000, 0x00000000fae00000, 0x00000000fae00000)
 concurrent-mark-sweep perm gen total 61152K, used 36690K [0x00000000fae00000, 0x00000000fe9b8000, 0x0000000100000000)
}

Deoptimization events (10 events):
Event: 50.425 Thread 0x0000000002324000 Uncommon trap: reason=class_check action=maybe_recompile pc=0x000000000297f5a4 method=java.awt.image.BufferedImage.getRGB(IIII[III)[I @ 205
Event: 52.348 Thread 0x0000000002324000 Uncommon trap: reason=unreached action=reinterpret pc=0x000000000273ed48 method=java.net.URL.set(Ljava/lang/String;Ljava/lang/String;ILjava/lang/String;Ljava/lang/String;Ljava/lang/String;Ljava/lang/String;Ljava/lang/String;)V @ 23
Event: 52.425 Thread 0x0000000002324000 Uncommon trap: reason=unreached action=reinterpret pc=0x0000000002a464d8 method=java.util.Collections$UnmodifiableMap.entrySet()Ljava/util/Set; @ 4
Event: 52.427 Thread 0x0000000002324000 Uncommon trap: reason=bimorphic action=maybe_recompile pc=0x000000000272ccf8 method=java.util.HashMap.<init>(IF)V @ 115
Event: 52.434 Thread 0x0000000002324000 Uncommon trap: reason=bimorphic action=maybe_recompile pc=0x000000000272ccf8 method=java.util.HashMap.<init>(IF)V @ 115
Event: 52.435 Thread 0x0000000002324000 Uncommon trap: reason=bimorphic action=maybe_recompile pc=0x000000000272ccf8 method=java.util.HashMap.<init>(IF)V @ 115
Event: 52.435 Thread 0x0000000002324000 Uncommon trap: reason=bimorphic action=maybe_recompile pc=0x000000000272ccf8 method=java.util.HashMap.<init>(IF)V @ 115
Event: 52.436 Thread 0x0000000002324000 Uncommon trap: reason=bimorphic action=maybe_recompile pc=0x00000000029fbbd0 method=java.util.HashMap.<init>(IF)V @ 115
Event: 52.561 Thread 0x0000000002324000 Uncommon trap: reason=class_check action=maybe_recompile pc=0x0000000002836b5c method=java.lang.StringBuilder.append(Ljava/lang/CharSequence;)Ljava/lang/StringBuilder; @ 8
Event: 52.956 Thread 0x000000000d93c800 Uncommon trap: reason=unreached action=reinterpret pc=0x00000000028bb244 method=com.google.common.base.Objects.equal(Ljava/lang/Object;Ljava/lang/Object;)Z @ 2

Internal exceptions (10 events):
Event: 51.273 Thread 0x0000000015ed9000 Threw 0x00000000c5c73f18 at C:\re\jdk7u55\869\hotspot\src\share\vm\prims\jvm.cpp:2965
Event: 51.289 Thread 0x0000000015ed9000 Threw 0x00000000c5c74088 at C:\re\jdk7u55\869\hotspot\src\share\vm\prims\jvm.cpp:2965
Event: 52.360 Thread 0x0000000002324000 Threw 0x00000000bb968d90 at C:\re\jdk7u55\869\hotspot\src\share\vm\prims\jni.cpp:717
Event: 52.383 Thread 0x0000000002324000 Threw 0x00000000bbf00390 at C:\re\jdk7u55\869\hotspot\src\share\vm\prims\jvm.cpp:1244
Event: 52.384 Thread 0x0000000002324000 Threw 0x00000000bbf0fa60 at C:\re\jdk7u55\869\hotspot\src\share\vm\prims\jvm.cpp:1244
Event: 52.760 Thread 0x000000000d93c800 Threw 0x00000000c03c3210 at C:\re\jdk7u55\869\hotspot\src\share\vm\prims\jvm.cpp:1244
Event: 52.761 Thread 0x000000000d93c800 Threw 0x00000000c03ce640 at C:\re\jdk7u55\869\hotspot\src\share\vm\prims\jvm.cpp:1244
Event: 52.762 Thread 0x000000000d93c800 Threw 0x00000000c03dbd48 at C:\re\jdk7u55\869\hotspot\src\share\vm\prims\jvm.cpp:1244
Event: 52.763 Thread 0x000000000d93c800 Threw 0x00000000c03e5b40 at C:\re\jdk7u55\869\hotspot\src\share\vm\prims\jvm.cpp:1244
Event: 52.779 Thread 0x000000000d93c800 Threw 0x00000000c07a03e0 at C:\re\jdk7u55\869\hotspot\src\share\vm\prims\jvm.cpp:1244

Events (10 events):
Event: 52.773 loading class 0x000000001567fe10 done
Event: 52.779 loading class 0x0000000015c19cc0
Event: 52.779 loading class 0x0000000015c19cc0 done
Event: 52.847 Executing VM operation: CMS_Initial_Mark
Event: 52.920 Executing VM operation: CMS_Initial_Mark done
Event: 52.953 Thread 0x000000000ad13000 flushing nmethod 0x0000000002724810
Event: 52.956 Thread 0x000000000d93c800 Uncommon trap: trap_request=0xffffffad fr.pc=0x00000000028bb244
Event: 52.956 Thread 0x000000000d93c800 DEOPT PACKING pc=0x00000000028bb244 sp=0x0000000017c4ec80
Event: 52.956 Thread 0x000000000d93c800 DEOPT UNPACKING pc=0x0000000002689064 sp=0x0000000017c4eb68 mode 2
Event: 52.987 Thread 0x000000000ad29800 flushing nmethod 0x00000000028ae350


Dynamic libraries:
0x000000013fa90000 - 0x000000013fac3000 	C:\Program Files\Java\jdk1.7.0_55\bin\java.exe
0x0000000077030000 - 0x00000000771d9000 	C:\Windows\SYSTEM32\ntdll.dll
0x0000000076e10000 - 0x0000000076f2f000 	C:\Windows\system32\kernel32.dll
0x000007fefcf80000 - 0x000007fefcfeb000 	C:\Windows\system32\KERNELBASE.dll
0x000007feff260000 - 0x000007feff33b000 	C:\Windows\system32\ADVAPI32.dll
0x000007fefeb50000 - 0x000007fefebef000 	C:\Windows\system32\msvcrt.dll
0x000007feff240000 - 0x000007feff25f000 	C:\Windows\SYSTEM32\sechost.dll
0x000007fefe6a0000 - 0x000007fefe7cd000 	C:\Windows\system32\RPCRT4.dll
0x0000000076f30000 - 0x000000007702a000 	C:\Windows\system32\USER32.dll
0x000007fefe630000 - 0x000007fefe697000 	C:\Windows\system32\GDI32.dll
0x000007fefd310000 - 0x000007fefd31e000 	C:\Windows\system32\LPK.dll
0x000007fefea80000 - 0x000007fefeb49000 	C:\Windows\system32\USP10.dll
0x000007fefc740000 - 0x000007fefc934000 	C:\Windows\WinSxS\amd64_microsoft.windows.common-controls_6595b64144ccf1df_6.0.7601.17514_none_fa396087175ac9ac\COMCTL32.dll
0x000007fefee70000 - 0x000007fefeee1000 	C:\Windows\system32\SHLWAPI.dll
0x000007feff210000 - 0x000007feff23e000 	C:\Windows\system32\IMM32.DLL
0x000007fefd200000 - 0x000007fefd309000 	C:\Windows\system32\MSCTF.dll
0x000000006f9d0000 - 0x000000006faa2000 	C:\Program Files\Java\jdk1.7.0_55\jre\bin\msvcr100.dll
0x0000000063750000 - 0x0000000063f19000 	C:\Program Files\Java\jdk1.7.0_55\jre\bin\server\jvm.dll
0x000007fef9170000 - 0x000007fef9179000 	C:\Windows\system32\WSOCK32.dll
0x000007fefe0b0000 - 0x000007fefe0fd000 	C:\Windows\system32\WS2_32.dll
0x000007fefebf0000 - 0x000007fefebf8000 	C:\Windows\system32\NSI.dll
0x000007fef9580000 - 0x000007fef95bb000 	C:\Windows\system32\WINMM.dll
0x00000000771f0000 - 0x00000000771f7000 	C:\Windows\system32\PSAPI.DLL
0x0000000072cd0000 - 0x0000000072cdf000 	C:\Program Files\Java\jdk1.7.0_55\jre\bin\verify.dll
0x00000000727d0000 - 0x00000000727f8000 	C:\Program Files\Java\jdk1.7.0_55\jre\bin\java.dll
0x0000000072720000 - 0x0000000072735000 	C:\Program Files\Java\jdk1.7.0_55\jre\bin\zip.dll
0x000007fefa0a0000 - 0x000007fefa0b0000 	D:\Development\IDEA\IntelliJ IDEA Community Edition 13.1.3\bin\breakgen64.dll
0x00000000724e0000 - 0x00000000724f9000 	C:\Program Files\Java\jdk1.7.0_55\jre\bin\net.dll
0x000007fefc3b0000 - 0x000007fefc405000 	C:\Windows\system32\mswsock.dll
0x000007fefcc60000 - 0x000007fefcc67000 	C:\Windows\System32\wship6.dll
0x00000000729e0000 - 0x00000000729eb000 	C:\Program Files\Java\jdk1.7.0_55\jre\bin\management.dll
0x0000000072370000 - 0x0000000072381000 	C:\Program Files\Java\jdk1.7.0_55\jre\bin\nio.dll
0x000007fefb9e0000 - 0x000007fefb9f5000 	C:\Windows\system32\NLAapi.dll
0x000007fef7960000 - 0x000007fef7975000 	C:\Windows\system32\napinsp.dll
0x000007fef7940000 - 0x000007fef7959000 	C:\Windows\system32\pnrpnsp.dll
0x000007fefc100000 - 0x000007fefc15b000 	C:\Windows\system32\DNSAPI.dll
0x000007fef7bc0000 - 0x000007fef7bcb000 	C:\Windows\System32\winrnr.dll
0x0000000073be0000 - 0x0000000073c06000 	C:\Program Files\Bonjour\mdnsNSP.dll
0x000007fef90c0000 - 0x000007fef90e7000 	C:\Windows\system32\Iphlpapi.DLL
0x000007fef9040000 - 0x000007fef904b000 	C:\Windows\system32\WINNSI.DLL
0x000007fef78a0000 - 0x000007fef78cf000 	C:\Program Files\Common Files\Microsoft Shared\Windows Live\WLIDNSP.DLL
0x000007fefb7e0000 - 0x000007fefb7e7000 	C:\Windows\System32\wshtcpip.dll
0x000007fef63f0000 - 0x000007fef63f8000 	C:\Windows\system32\rasadhlp.dll
0x000007fef8ef0000 - 0x000007fef8f43000 	C:\Windows\System32\fwpuclnt.dll
0x0000000071bd0000 - 0x0000000071bf4000 	C:\Program Files\Java\jdk1.7.0_55\jre\bin\sunec.dll
0x0000000071e80000 - 0x0000000071e8b000 	C:\Program Files\Java\jdk1.7.0_55\jre\bin\sunmscapi.dll
0x000007fefd080000 - 0x000007fefd1ea000 	C:\Windows\system32\CRYPT32.dll
0x000007fefce50000 - 0x000007fefce5f000 	C:\Windows\system32\MSASN1.dll
0x000007fefc960000 - 0x000007fefc977000 	C:\Windows\system32\CRYPTSP.dll
0x000007fefc010000 - 0x000007fefc057000 	C:\Windows\system32\rsaenh.dll
0x000007fefcf60000 - 0x000007fefcf7e000 	C:\Windows\system32\USERENV.dll
0x000007fefce40000 - 0x000007fefce4f000 	C:\Windows\system32\profapi.dll
0x000007fefcd40000 - 0x000007fefcd4f000 	C:\Windows\system32\CRYPTBASE.dll
0x000007fef8ed0000 - 0x000007fef8ee1000 	C:\Windows\system32\dhcpcsvc6.DLL
0x000007fef8eb0000 - 0x000007fef8ec8000 	C:\Windows\system32\dhcpcsvc.DLL
0x000000006d840000 - 0x000000006d9d5000 	C:\Program Files\Java\jdk1.7.0_55\jre\bin\awt.dll
0x000007fefec20000 - 0x000007fefecf7000 	C:\Windows\system32\OLEAUT32.dll
0x000007fefe2e0000 - 0x000007fefe4e3000 	C:\Windows\system32\ole32.dll
0x000007fefaf90000 - 0x000007fefafe6000 	C:\Windows\system32\uxtheme.dll
0x0000000010000000 - 0x0000000010041000 	C:\Program Files (x86)\ATI Technologies\HydraVision\HydraDMH64.dll
0x0000000001e30000 - 0x0000000001e85000 	C:\Program Files (x86)\ATI Technologies\HydraVision\GridHook64.dll
0x000007fef67a0000 - 0x000007fef6811000 	C:\Windows\system32\WINSPOOL.DRV
0x000007fefab60000 - 0x000007fefab78000 	C:\Windows\system32\dwmapi.dll
0x000007fefb390000 - 0x000007fefb40f000 	C:\Program Files\Common Files\microsoft shared\ink\tiptsf.dll
0x000007fefbee0000 - 0x000007fefbeec000 	C:\Windows\system32\version.dll
0x000007fefd320000 - 0x000007fefe0a8000 	C:\Windows\system32\SHELL32.dll
0x0000000070130000 - 0x0000000070177000 	C:\Program Files\Java\jdk1.7.0_55\jre\bin\fontmanager.dll
0x000007fef9280000 - 0x000007fef947f000 	C:\Windows\system32\d3d9.dll
0x000007fef9270000 - 0x000007fef9277000 	C:\Windows\system32\d3d8thk.dll
0x000007fef5090000 - 0x000007fef519e000 	C:\Windows\system32\aticfx64.dll
0x000007fefa240000 - 0x000007fefa24f000 	C:\Windows\system32\atiu9p64.dll
0x000007fee5a30000 - 0x000007fee615d000 	C:\Windows\system32\atiumd64.dll
0x000000005e3e0000 - 0x000000005e7fe000 	C:\Windows\system32\atiumd6a.dll
0x0000000070180000 - 0x00000000701c1000 	C:\Program Files\Java\jdk1.7.0_55\jre\bin\t2k.dll
0x0000000180000000 - 0x0000000180051000 	D:\Development\ForgeMods\shinsei\build\natives\lwjgl64.dll
0x000007fee1670000 - 0x000007fee178d000 	C:\Windows\system32\OPENGL32.dll
0x000007fef9db0000 - 0x000007fef9ddd000 	C:\Windows\system32\GLU32.dll
0x000007fee1570000 - 0x000007fee1661000 	C:\Windows\system32\DDRAW.dll
0x000007fef9f90000 - 0x000007fef9f98000 	C:\Windows\system32\DCIMAN32.dll
0x000007fefe100000 - 0x000007fefe2d7000 	C:\Windows\system32\SETUPAPI.dll
0x000007fefcf20000 - 0x000007fefcf56000 	C:\Windows\system32\CFGMGR32.dll
0x000007fefd050000 - 0x000007fefd06a000 	C:\Windows\system32\DEVOBJ.dll
0x000007fef9da0000 - 0x000007fef9da9000 	C:\Windows\system32\atig6pxx.dll
0x0000000069030000 - 0x000000006a988000 	C:\Windows\system32\atio6axx.dll
0x000007fef91e0000 - 0x000007fef9270000 	C:\Windows\system32\atiadlxx.dll
0x000007fefb6d0000 - 0x000007fefb6e1000 	C:\Windows\system32\WTSAPI32.dll
0x000007fefd000000 - 0x000007fefd03a000 	C:\Windows\system32\WINTRUST.dll
0x000007fef9d80000 - 0x000007fef9d8e000 	C:\Windows\system32\atig6txx.dll
0x000007fefe4f0000 - 0x000007fefe589000 	C:\Windows\system32\CLBCatQ.DLL
0x000007fef9180000 - 0x000007fef91d4000 	C:\Windows\system32\oleacc.dll
0x000007fef4e60000 - 0x000007fef4efc000 	C:\Windows\system32\mscms.dll
0x000007feea690000 - 0x000007feea6d2000 	C:\Windows\system32\icm32.dll
0x0000000070a40000 - 0x0000000070adc000 	D:\Development\ForgeMods\shinsei\build\natives\avutil-ttv-51.dll
0x0000000065980000 - 0x00000000659d6000 	D:\Development\ForgeMods\shinsei\build\natives\swresample-ttv-0.dll
0x000000006eb80000 - 0x000000006ec50000 	D:\Development\ForgeMods\shinsei\build\natives\libmp3lame-ttv.dll
0x000007fed5580000 - 0x000007fed6924000 	D:\Development\ForgeMods\shinsei\build\natives\libmfxsw64.dll
0x000007fee1440000 - 0x000007fee156b000 	D:\Development\ForgeMods\shinsei\build\natives\twitchsdk.dll
0x000007fefefd0000 - 0x000007feff20b000 	C:\Windows\system32\WININET.dll
0x000007fefd040000 - 0x000007fefd044000 	C:\Windows\system32\api-ms-win-downlevel-user32-l1-1-0.dll
0x000007fefd1f0000 - 0x000007fefd1f4000 	C:\Windows\system32\api-ms-win-downlevel-shlwapi-l1-1-0.dll
0x000007fefce70000 - 0x000007fefce74000 	C:\Windows\system32\api-ms-win-downlevel-version-l1-1-0.dll
0x000007fefce60000 - 0x000007fefce63000 	C:\Windows\system32\api-ms-win-downlevel-normaliz-l1-1-0.dll
0x0000000077200000 - 0x0000000077203000 	C:\Windows\system32\normaliz.DLL
0x000007fefe7d0000 - 0x000007fefea7f000 	C:\Windows\system32\iertutil.dll
0x000007fefd070000 - 0x000007fefd075000 	C:\Windows\system32\api-ms-win-downlevel-advapi32-l1-1-0.dll
0x0000000005c50000 - 0x0000000005cb4000 	D:\Development\ForgeMods\shinsei\build\natives\OpenAL64.dll
0x000007fefab80000 - 0x000007fefabcb000 	C:\Windows\System32\MMDevApi.dll
0x000007fefaff0000 - 0x000007fefb11c000 	C:\Windows\System32\PROPSYS.dll
0x000007fef01f0000 - 0x000007fef0278000 	C:\Windows\system32\dsound.dll
0x000007fefa890000 - 0x000007fefa8bc000 	C:\Windows\system32\POWRPROF.dll
0x000007fef9120000 - 0x000007fef916f000 	C:\Windows\system32\AUDIOSES.DLL
0x000007fef7a30000 - 0x000007fef7b55000 	C:\Windows\system32\dbghelp.dll

VM Arguments:
jvm_args: -Xincgc -Xmx1024M -Xms1024M -Djava.library.path=D:/Development/ForgeMods/shinsei\build\natives -Dfml.ignoreInvalidMinecraftCertificates=true -Didea.launcher.port=7536 -Didea.launcher.bin.path=D:\Development\IDEA\IntelliJ IDEA Community Edition 13.1.3\bin -Dfile.encoding=UTF-8 
java_command: com.intellij.rt.execution.application.AppMain GradleStart --username rob@megathirio.com --password Lilgem12:)
Launcher Type: SUN_STANDARD

Environment Variables:
JAVA_HOME=C:\Program Files\Java\jdk1.7.0_55
CLASSPATH=.;C:\Program Files (x86)\Java\jre7\lib\ext\QTJava.zip
PATH=C:\Program Files\Common Files\Microsoft Shared\Windows Live;C:\Program Files (x86)\Common Files\Microsoft Shared\Windows Live;C:\Program Files (x86)\AMD APP\bin\x86_64;C:\Program Files (x86)\AMD APP\bin\x86;C:\Windows\system32;C:\Windows;C:\Windows\System32\Wbem;C:\Windows\System32\WindowsPowerShell\v1.0\;C:\Program Files (x86)\Windows Live\Shared;C:\Program Files\Common Files\Autodesk Shared\;C:\Program Files (x86)\Autodesk\Backburner\;C:\Program Files (x86)\ATI Technologies\ATI.ACE\Core-Static;C:\Program Files\Common Files\NeatReceipts\Drivers\M12\;c:\Program Files (x86)\Microsoft SQL Server\90\Tools\binn\;C:\Program Files\Samsung\AllShare Framework DMS\1.3.15\;C:\Program Files\Samsung\AllShare Framework DMS\1.3.15\64bit\;C:\Program Files (x86)\QuickTime\QTSystem\;C:\Program Files\MySQL\MySQL Enterprise Backup 3.9.0\;C:\Program Files (x86)\MySQL\MySQL Utilities 1.3.5\;C:\Program Files\Microsoft SQL Server\110\Tools\Binn\;D:\Development\gradle-1.12\bin;C:\Program Files\Java\jdk1.7.0_55\bin
USERNAME=Fidget
OS=Windows_NT
PROCESSOR_IDENTIFIER=AMD64 Family 16 Model 10 Stepping 0, AuthenticAMD



---------------  S Y S T E M  ---------------

OS: Windows 7 , 64 bit Build 7601 Service Pack 1

CPU:total 6 (6 cores per cpu, 1 threads per core) family 16 model 10 stepping 0, cmov, cx8, fxsr, mmx, sse, sse2, sse3, popcnt, mmxext, 3dnowpref, lzcnt, sse4a, tsc, tscinvbit, tscinv

Memory: 4k page, physical 3930164k(1092568k free), swap 10033496k(1678508k free)

vm_info: Java HotSpot(TM) 64-Bit Server VM (24.55-b03) for windows-amd64 JRE (1.7.0_55-b13), built on Mar 17 2014 19:45:30 by "java_re" with unknown MS VC++:1600

time: Sat Sep 27 14:53:50 2014
elapsed time: 53 seconds

