#
# A fatal error has been detected by the Java Runtime Environment:
#
#  EXCEPTION_ACCESS_VIOLATION (0xc0000005) at pc=0x0000000062238272, pid=9144, tid=3644
#
# JRE version: Java(TM) SE Runtime Environment (7.0_55-b13) (build 1.7.0_55-b13)
# Java VM: Java HotSpot(TM) 64-Bit Server VM (24.55-b03 mixed mode windows-amd64 compressed oops)
# Problematic frame:
# V  [jvm.dll+0xe8272]
#
# Failed to write core dump. Minidumps are not enabled by default on client versions of Windows
#
# If you would like to submit a bug report, please visit:
#   http://bugreport.sun.com/bugreport/crash.jsp
#

---------------  T H R E A D  ---------------

Current thread (0x0000000001e87000):  GCTaskThread [stack: 0x0000000005920000,0x0000000005a20000] [id=3644]

siginfo: ExceptionCode=0xc0000005, reading address 0x0000000000000408

Registers:
RAX=0x0000000000000000, RBX=0x0000000000000400, RCX=0x0000000000000000, RDX=0x00000000cc1007f8
RSP=0x0000000005a1f870, RBP=0x00000000faf08a08, RSI=0x0000000015c31eb0, RDI=0x00000000cc10081c
R8 =0x0000000000000000, R9 =0x0000000000000000, R10=0x0000000000001077, R11=0x00000000cc1007f0
R12=0x00000000faf08da0, R13=0x00000000cc100820, R14=0x000000000000000c, R15=0x00000000cc1007f0
RIP=0x0000000062238272, EFLAGS=0x0000000000010202

Top of Stack: (sp=0x0000000005a1f870)
0x0000000005a1f870:   0000000000001077 00000000cc1007ec
0x0000000005a1f880:   0000000015c31eb0 0000000015c31eb0
0x0000000005a1f890:   0000000000000005 00000000cc100708
0x0000000005a1f8a0:   0000000001e75720 0000000015c32040
0x0000000005a1f8b0:   0000000000000000 0000000000000000
0x0000000005a1f8c0:   0000000001e878b0 00000000cc1007f0
0x0000000005a1f8d0:   0000000015c31e10 00000000624f6034
0x0000000005a1f8e0:   00000000faf08a08 0000000000001077
0x0000000005a1f8f0:   0000000001e878b0 00000000faf08da8
0x0000000005a1f900:   0000000015c31f50 0000000001e837e0
0x0000000005a1f910:   00000000000003d8 0000000001e87c98
0x0000000005a1f920:   0000000001e878c0 0000000001e878b0
0x0000000005a1f930:   0000000015c32040 0000000001e75720
0x0000000005a1f940:   0000000001e82550 00000000624f610b
0x0000000005a1f950:   0000000015c31f50 0000000015c31e10
0x0000000005a1f960:   000000000a99eeb0 0000000001e837e0 

Instructions: (pc=0x0000000062238272)
0x0000000062238252:   48 8b 05 57 36 60 00 48 d3 e3 48 03 d8 48 3b 5e
0x0000000062238262:   48 0f 83 e1 00 00 00 80 3d c8 29 66 00 00 74 0b
0x0000000062238272:   8b 53 08 48 d3 e2 48 03 d0 eb 04 48 8b 53 08 48
0x0000000062238282:   8b 2b 40 0f b6 c5 24 03 3c 03 75 0d 48 8b cb e8 


Register to memory mapping:

RAX=0x0000000000000000 is an unknown value
RBX=0x0000000000000400 is an unknown value
RCX=0x0000000000000000 is an unknown value
RDX=
[error occurred during error reporting (printing register info), id 0xc0000005]

Stack: [0x0000000005920000,0x0000000005a20000],  sp=0x0000000005a1f870,  free space=1022k
Native frames: (J=compiled Java code, j=interpreted, Vv=VM code, C=native code)
V  [jvm.dll+0xe8272]


---------------  P R O C E S S  ---------------

Java Threads: ( => current thread )
  0x0000000016426800 JavaThread "Netty Client IO #1" daemon [_thread_blocked, id=7652, stack(0x000000001e940000,0x000000001ea40000)]
  0x0000000016425000 JavaThread "Netty Client IO #0" daemon [_thread_in_native, id=6464, stack(0x000000001e590000,0x000000001e690000)]
  0x0000000016424800 JavaThread "Thread-14" daemon [_thread_in_native, id=4640, stack(0x000000001e460000,0x000000001e560000)]
  0x0000000016423800 JavaThread "Server Pinger #0" daemon [_thread_blocked, id=6252, stack(0x000000001e230000,0x000000001e330000)]
  0x0000000016421000 JavaThread "LWJGL Timer" daemon [_thread_blocked, id=3520, stack(0x000000001a840000,0x000000001a940000)]
  0x00000000159ae800 JavaThread "Thread-11" [_thread_blocked, id=3356, stack(0x000000001a690000,0x000000001a790000)]
  0x000000000d8d3000 JavaThread "Thread-10" [_thread_blocked, id=7904, stack(0x000000001a4d0000,0x000000001a5d0000)]
  0x000000000dbe1800 JavaThread "Timer hack thread" daemon [_thread_blocked, id=6540, stack(0x000000000ce20000,0x000000000cf20000)]
  0x000000000dbf2800 JavaThread "Snooper Timer" daemon [_thread_blocked, id=8692, stack(0x0000000016b70000,0x0000000016c70000)]
  0x000000000c01f800 JavaThread "AWT-Windows" daemon [_thread_in_native, id=6600, stack(0x000000000cbc0000,0x000000000ccc0000)]
  0x000000000c44c000 JavaThread "Java2D Disposer" daemon [_thread_blocked, id=6492, stack(0x000000000ea40000,0x000000000eb40000)]
  0x000000000aefb800 JavaThread "Monitor Ctrl-Break" daemon [_thread_in_native, id=8936, stack(0x000000000c5c0000,0x000000000c6c0000)]
  0x000000000ac4c800 JavaThread "Service Thread" daemon [_thread_blocked, id=5868, stack(0x000000000ba30000,0x000000000bb30000)]
  0x000000000ac4b800 JavaThread "C2 CompilerThread1" daemon [_thread_blocked, id=9176, stack(0x000000000b870000,0x000000000b970000)]
  0x000000000ac43800 JavaThread "C2 CompilerThread0" daemon [_thread_blocked, id=9088, stack(0x0000000001d20000,0x0000000001e20000)]
  0x000000000ac41800 JavaThread "Attach Listener" daemon [_thread_blocked, id=7132, stack(0x000000000b340000,0x000000000b440000)]
  0x000000000ac3f800 JavaThread "Signal Dispatcher" daemon [_thread_blocked, id=8592, stack(0x000000000b650000,0x000000000b750000)]
  0x000000000ac3d000 JavaThread "Surrogate Locker Thread (Concurrent GC)" daemon [_thread_blocked, id=8640, stack(0x000000000b490000,0x000000000b590000)]
  0x000000000abec800 JavaThread "Finalizer" daemon [_thread_blocked, id=4456, stack(0x000000000b220000,0x000000000b320000)]
  0x000000000abe4000 JavaThread "Reference Handler" daemon [_thread_blocked, id=9208, stack(0x000000000afe0000,0x000000000b0e0000)]
  0x0000000001e74000 JavaThread "Client thread" [_thread_blocked, id=8868, stack(0x00000000023f0000,0x00000000024f0000)]

Other Threads:
  0x000000000abe1000 VMThread [stack: 0x000000000a8a0000,0x000000000a9a0000] [id=8884]
  0x000000000ac91000 WatcherThread [stack: 0x000000000bc60000,0x000000000bd60000] [id=8708]

=>0x0000000001e87000 (exited) GCTaskThread [stack: 0x0000000005920000,0x0000000005a20000] [id=3644]

VM state:at safepoint (normal execution)

VM Mutex/Monitor currently owned by a thread:  ([mutex/lock_event])
[0x0000000001e72380] Threads_lock - owner thread: 0x000000000abe1000
[0x0000000001e72900] Heap_lock - owner thread: 0x000000000d8d3000

Heap
 par new generation   total 314560K, used 289070K [0x00000000bae00000, 0x00000000d0350000, 0x00000000d0350000)
  eden space 279616K, 100% used [0x00000000bae00000, 0x00000000cbf10000, 0x00000000cbf10000)
  from space 34944K,  27% used [0x00000000ce130000, 0x00000000cea6b850, 0x00000000d0350000)
  to   space 34944K,  31% used [0x00000000cbf10000, 0x00000000cc9f69a0, 0x00000000ce130000)
 concurrent mark-sweep generation total 699072K, used 160115K [0x00000000d0350000, 0x00000000fae00000, 0x00000000fae00000)
 concurrent-mark-sweep perm gen total 71244K, used 43366K [0x00000000fae00000, 0x00000000ff393000, 0x0000000100000000)

Card table byte_map: [0x0000000006060000,0x0000000006290000] byte_map_base: 0x0000000005a89000

Polling page: 0x0000000001c70000

Code Cache  [0x0000000002570000, 0x0000000002f90000, 0x0000000005570000)
 total_blobs=4117 nmethods=3299 adapters=769 free_code_cache=39035Kb largest_free_block=39722624

Compilation events (10 events):
Event: 2505.463 Thread 0x000000000ac4b800 nmethod 3641 0x0000000002b72090 code [0x0000000002b721c0, 0x0000000002b72218]
Event: 2505.463 Thread 0x000000000ac43800 nmethod 3642 0x0000000002b71e90 code [0x0000000002b71fc0, 0x0000000002b72018]
Event: 2505.463 Thread 0x000000000ac43800 3643             net.minecraft.util.ChatComponentText::createCopy (5 bytes)
Event: 2505.464 Thread 0x000000000ac4b800 3644             net.minecraft.util.ChatComponentText::createCopy (69 bytes)
Event: 2505.481 Thread 0x000000000ac43800 nmethod 3643 0x0000000002b68110 code [0x0000000002b68360, 0x0000000002b68cc0]
Event: 2505.482 Thread 0x000000000ac4b800 nmethod 3644 0x0000000002f111d0 code [0x0000000002f11420, 0x0000000002f11d80]
Event: 2520.642 Thread 0x000000000ac4b800 3645             codechicken.nei.Button::draw (10 bytes)
Event: 2520.696 Thread 0x000000000ac4b800 nmethod 3645 0x0000000002f46b10 code [0x0000000002f47080, 0x0000000002f490d8]
Event: 2525.140 Thread 0x000000000ac43800 3646             codechicken.nei.NEIClientUtils::isValidGamemode (41 bytes)
Event: 2525.142 Thread 0x000000000ac43800 nmethod 3646 0x0000000002e83650 code [0x0000000002e837a0, 0x0000000002e838d8]

GC Heap History (10 events):
Event: 2344.679 GC heap after
Heap after GC invocations=64 (full 12):
 par new generation   total 314560K, used 12509K [0x00000000bae00000, 0x00000000d0350000, 0x00000000d0350000)
  eden space 279616K,   0% used [0x00000000bae00000, 0x00000000bae00000, 0x00000000cbf10000)
  from space 34944K,  35% used [0x00000000ce130000, 0x00000000ced677d0, 0x00000000d0350000)
  to   space 34944K,   0% used [0x00000000cbf10000, 0x00000000cbf10000, 0x00000000ce130000)
 concurrent mark-sweep generation total 699072K, used 157225K [0x00000000d0350000, 0x00000000fae00000, 0x00000000fae00000)
 concurrent-mark-sweep perm gen total 71244K, used 43354K [0x00000000fae00000, 0x00000000ff393000, 0x0000000100000000)
}
Event: 2378.380 GC heap before
{Heap before GC invocations=64 (full 12):
 par new generation   total 314560K, used 292125K [0x00000000bae00000, 0x00000000d0350000, 0x00000000d0350000)
  eden space 279616K, 100% used [0x00000000bae00000, 0x00000000cbf10000, 0x00000000cbf10000)
  from space 34944K,  35% used [0x00000000ce130000, 0x00000000ced677d0, 0x00000000d0350000)
  to   space 34944K,   0% used [0x00000000cbf10000, 0x00000000cbf10000, 0x00000000ce130000)
 concurrent mark-sweep generation total 699072K, used 157225K [0x00000000d0350000, 0x00000000fae00000, 0x00000000fae00000)
 concurrent-mark-sweep perm gen total 71244K, used 43355K [0x00000000fae00000, 0x00000000ff393000, 0x0000000100000000)
Event: 2378.390 GC heap after
Heap after GC invocations=65 (full 12):
 par new generation   total 314560K, used 9693K [0x00000000bae00000, 0x00000000d0350000, 0x00000000d0350000)
  eden space 279616K,   0% used [0x00000000bae00000, 0x00000000bae00000, 0x00000000cbf10000)
  from space 34944K,  27% used [0x00000000cbf10000, 0x00000000cc8876f8, 0x00000000ce130000)
  to   space 34944K,   0% used [0x00000000ce130000, 0x00000000ce130000, 0x00000000d0350000)
 concurrent mark-sweep generation total 699072K, used 158895K [0x00000000d0350000, 0x00000000fae00000, 0x00000000fae00000)
 concurrent-mark-sweep perm gen total 71244K, used 43355K [0x00000000fae00000, 0x00000000ff393000, 0x0000000100000000)
}
Event: 2409.254 GC heap before
{Heap before GC invocations=65 (full 12):
 par new generation   total 314560K, used 289309K [0x00000000bae00000, 0x00000000d0350000, 0x00000000d0350000)
  eden space 279616K, 100% used [0x00000000bae00000, 0x00000000cbf10000, 0x00000000cbf10000)
  from space 34944K,  27% used [0x00000000cbf10000, 0x00000000cc8876f8, 0x00000000ce130000)
  to   space 34944K,   0% used [0x00000000ce130000, 0x00000000ce130000, 0x00000000d0350000)
 concurrent mark-sweep generation total 699072K, used 158895K [0x00000000d0350000, 0x00000000fae00000, 0x00000000fae00000)
 concurrent-mark-sweep perm gen total 71244K, used 43356K [0x00000000fae00000, 0x00000000ff393000, 0x0000000100000000)
Event: 2409.263 GC heap after
Heap after GC invocations=66 (full 12):
 par new generation   total 314560K, used 9710K [0x00000000bae00000, 0x00000000d0350000, 0x00000000d0350000)
  eden space 279616K,   0% used [0x00000000bae00000, 0x00000000bae00000, 0x00000000cbf10000)
  from space 34944K,  27% used [0x00000000ce130000, 0x00000000ceaaba80, 0x00000000d0350000)
  to   space 34944K,   0% used [0x00000000cbf10000, 0x00000000cbf10000, 0x00000000ce130000)
 concurrent mark-sweep generation total 699072K, used 158918K [0x00000000d0350000, 0x00000000fae00000, 0x00000000fae00000)
 concurrent-mark-sweep perm gen total 71244K, used 43356K [0x00000000fae00000, 0x00000000ff393000, 0x0000000100000000)
}
Event: 2450.181 GC heap before
{Heap before GC invocations=66 (full 12):
 par new generation   total 314560K, used 289326K [0x00000000bae00000, 0x00000000d0350000, 0x00000000d0350000)
  eden space 279616K, 100% used [0x00000000bae00000, 0x00000000cbf10000, 0x00000000cbf10000)
  from space 34944K,  27% used [0x00000000ce130000, 0x00000000ceaaba80, 0x00000000d0350000)
  to   space 34944K,   0% used [0x00000000cbf10000, 0x00000000cbf10000, 0x00000000ce130000)
 concurrent mark-sweep generation total 699072K, used 158918K [0x00000000d0350000, 0x00000000fae00000, 0x00000000fae00000)
 concurrent-mark-sweep perm gen total 71244K, used 43357K [0x00000000fae00000, 0x00000000ff393000, 0x0000000100000000)
Event: 2450.190 GC heap after
Heap after GC invocations=67 (full 12):
 par new generation   total 314560K, used 11005K [0x00000000bae00000, 0x00000000d0350000, 0x00000000d0350000)
  eden space 279616K,   0% used [0x00000000bae00000, 0x00000000bae00000, 0x00000000cbf10000)
  from space 34944K,  31% used [0x00000000cbf10000, 0x00000000cc9cf410, 0x00000000ce130000)
  to   space 34944K,   0% used [0x00000000ce130000, 0x00000000ce130000, 0x00000000d0350000)
 concurrent mark-sweep generation total 699072K, used 158930K [0x00000000d0350000, 0x00000000fae00000, 0x00000000fae00000)
 concurrent-mark-sweep perm gen total 71244K, used 43357K [0x00000000fae00000, 0x00000000ff393000, 0x0000000100000000)
}
Event: 2494.296 GC heap before
{Heap before GC invocations=67 (full 12):
 par new generation   total 314560K, used 290621K [0x00000000bae00000, 0x00000000d0350000, 0x00000000d0350000)
  eden space 279616K, 100% used [0x00000000bae00000, 0x00000000cbf10000, 0x00000000cbf10000)
  from space 34944K,  31% used [0x00000000cbf10000, 0x00000000cc9cf410, 0x00000000ce130000)
  to   space 34944K,   0% used [0x00000000ce130000, 0x00000000ce130000, 0x00000000d0350000)
 concurrent mark-sweep generation total 699072K, used 158930K [0x00000000d0350000, 0x00000000fae00000, 0x00000000fae00000)
 concurrent-mark-sweep perm gen total 71244K, used 43357K [0x00000000fae00000, 0x00000000ff393000, 0x0000000100000000)
Event: 2494.307 GC heap after
Heap after GC invocations=68 (full 12):
 par new generation   total 314560K, used 9454K [0x00000000bae00000, 0x00000000d0350000, 0x00000000d0350000)
  eden space 279616K,   0% used [0x00000000bae00000, 0x00000000bae00000, 0x00000000cbf10000)
  from space 34944K,  27% used [0x00000000ce130000, 0x00000000cea6b850, 0x00000000d0350000)
  to   space 34944K,   0% used [0x00000000cbf10000, 0x00000000cbf10000, 0x00000000ce130000)
 concurrent mark-sweep generation total 699072K, used 160080K [0x00000000d0350000, 0x00000000fae00000, 0x00000000fae00000)
 concurrent-mark-sweep perm gen total 71244K, used 43357K [0x00000000fae00000, 0x00000000ff393000, 0x0000000100000000)
}
Event: 2528.509 GC heap before
{Heap before GC invocations=68 (full 12):
 par new generation   total 314560K, used 289070K [0x00000000bae00000, 0x00000000d0350000, 0x00000000d0350000)
  eden space 279616K, 100% used [0x00000000bae00000, 0x00000000cbf10000, 0x00000000cbf10000)
  from space 34944K,  27% used [0x00000000ce130000, 0x00000000cea6b850, 0x00000000d0350000)
  to   space 34944K,   0% used [0x00000000cbf10000, 0x00000000cbf10000, 0x00000000ce130000)
 concurrent mark-sweep generation total 699072K, used 160080K [0x00000000d0350000, 0x00000000fae00000, 0x00000000fae00000)
 concurrent-mark-sweep perm gen total 71244K, used 43366K [0x00000000fae00000, 0x00000000ff393000, 0x0000000100000000)

Deoptimization events (10 events):
Event: 2174.092 Thread 0x0000000016426800 Uncommon trap: reason=unreached action=reinterpret pc=0x00000000029bb9dc method=java.lang.Class.privateGetDeclaredMethods(Z)[Ljava/lang/reflect/Method; @ 23
Event: 2174.093 Thread 0x0000000001e74000 Uncommon trap: reason=unreached action=reinterpret pc=0x0000000002e15664 method=net.minecraft.util.ChatStyle.getColor()Lnet/minecraft/util/EnumChatFormatting; @ 4
Event: 2223.408 Thread 0x0000000001e74000 Uncommon trap: reason=unreached action=reinterpret pc=0x0000000002f0b6c8 method=net.minecraft.client.renderer.tileentity.RenderItemFrame.doRender(Lnet/minecraft/entity/item/EntityItemFrame;DDDFF)V @ 102
Event: 2223.408 Thread 0x0000000001e74000 Uncommon trap: reason=unreached action=reinterpret pc=0x0000000002ef1380 method=net.minecraft.client.renderer.tileentity.RenderItemFrame.func_82402_b(Lnet/minecraft/entity/item/EntityItemFrame;)V @ 6
Event: 2223.409 Thread 0x0000000001e74000 Uncommon trap: reason=unreached action=reinterpret pc=0x0000000002e835f8 method=net.minecraft.client.renderer.tileentity.RenderItemFrame.func_147914_a(Lnet/minecraft/entity/item/EntityItemFrame;DDD)V @ 10
Event: 2223.440 Thread 0x0000000001e74000 Uncommon trap: reason=unreached action=reinterpret pc=0x0000000002b717b0 method=net.minecraft.client.renderer.tileentity.RenderItemFrame.doRender(Lnet/minecraft/entity/item/EntityItemFrame;DDDFF)V @ 102
Event: 2504.034 Thread 0x0000000016426800 Uncommon trap: reason=unreached action=reinterpret pc=0x0000000002ac072c method=net.minecraft.util.ChatStyle.isEmpty()Z @ 46
Event: 2504.065 Thread 0x0000000001e74000 Uncommon trap: reason=unreached action=reinterpret pc=0x0000000002f8b6d0 method=net.minecraft.util.ChatStyle.getChatClickEvent()Lnet/minecraft/event/ClickEvent; @ 4
Event: 2504.065 Thread 0x0000000001e74000 Uncommon trap: reason=unreached action=reinterpret pc=0x0000000002f87960 method=net.minecraft.util.ChatStyle.getChatClickEvent()Lnet/minecraft/event/ClickEvent; @ 4
Event: 2504.085 Thread 0x0000000001e74000 Uncommon trap: reason=unreached action=reinterpret pc=0x0000000002b13144 method=net.minecraft.util.ChatStyle.getChatClickEvent()Lnet/minecraft/event/ClickEvent; @ 4

Internal exceptions (10 events):
Event: 2528.293 Thread 0x000000000d8d3000 Threw 0x00000000cba5bd88 at C:\re\jdk7u55\869\hotspot\src\share\vm\prims\jvm.cpp:2965
Event: 2528.293 Thread 0x000000000d8d3000 Threw 0x00000000cba5bf20 at C:\re\jdk7u55\869\hotspot\src\share\vm\prims\jvm.cpp:2965
Event: 2528.309 Thread 0x000000000d8d3000 Threw 0x00000000cba5c0b8 at C:\re\jdk7u55\869\hotspot\src\share\vm\prims\jvm.cpp:2965
Event: 2528.346 Thread 0x000000000d8d3000 Threw 0x00000000cba5c278 at C:\re\jdk7u55\869\hotspot\src\share\vm\prims\jvm.cpp:2965
Event: 2528.379 Thread 0x000000000d8d3000 Threw 0x00000000cba5c438 at C:\re\jdk7u55\869\hotspot\src\share\vm\prims\jvm.cpp:2965
Event: 2528.409 Thread 0x000000000d8d3000 Threw 0x00000000cba5c5f8 at C:\re\jdk7u55\869\hotspot\src\share\vm\prims\jvm.cpp:2965
Event: 2528.429 Thread 0x000000000d8d3000 Threw 0x00000000cba5c7b8 at C:\re\jdk7u55\869\hotspot\src\share\vm\prims\jvm.cpp:2965
Event: 2528.442 Thread 0x000000000d8d3000 Threw 0x00000000cba5c978 at C:\re\jdk7u55\869\hotspot\src\share\vm\prims\jvm.cpp:2965
Event: 2528.459 Thread 0x000000000d8d3000 Threw 0x00000000cba5cb38 at C:\re\jdk7u55\869\hotspot\src\share\vm\prims\jvm.cpp:2965
Event: 2528.496 Thread 0x000000000d8d3000 Threw 0x00000000cba5ccf8 at C:\re\jdk7u55\869\hotspot\src\share\vm\prims\jvm.cpp:2965

Events (10 events):
Event: 2507.192 Executing VM operation: RevokeBias done
Event: 2507.192 Thread 0x0000000016428000 Thread exited: 0x0000000016428000
Event: 2507.193 Executing VM operation: RevokeBias
Event: 2507.193 Executing VM operation: RevokeBias done
Event: 2507.193 Thread 0x0000000016423000 Thread exited: 0x0000000016423000
Event: 2507.236 Thread 0x0000000016426000 Thread exited: 0x0000000016426000
Event: 2520.697 Thread 0x000000000ac4b800 flushing nmethod 0x0000000002e83410
Event: 2520.698 Thread 0x000000000ac4b800 flushing nmethod 0x0000000002ef11d0
Event: 2520.699 Thread 0x000000000ac4b800 flushing nmethod 0x0000000002f0b2d0
Event: 2528.509 Executing VM operation: GenCollectForAllocation


Dynamic libraries:
0x000000013f6d0000 - 0x000000013f703000 	C:\Program Files\Java\jdk1.7.0_55\bin\java.exe
0x0000000077030000 - 0x00000000771d9000 	C:\Windows\SYSTEM32\ntdll.dll
0x0000000076e10000 - 0x0000000076f2f000 	C:\Windows\system32\kernel32.dll
0x000007fefcf80000 - 0x000007fefcfeb000 	C:\Windows\system32\KERNELBASE.dll
0x000007feff260000 - 0x000007feff33b000 	C:\Windows\system32\ADVAPI32.dll
0x000007fefeb50000 - 0x000007fefebef000 	C:\Windows\system32\msvcrt.dll
0x000007feff240000 - 0x000007feff25f000 	C:\Windows\SYSTEM32\sechost.dll
0x000007fefe6a0000 - 0x000007fefe7cd000 	C:\Windows\system32\RPCRT4.dll
0x0000000076f30000 - 0x000000007702a000 	C:\Windows\system32\USER32.dll
0x000007fefe630000 - 0x000007fefe697000 	C:\Windows\system32\GDI32.dll
0x000007fefd310000 - 0x000007fefd31e000 	C:\Windows\system32\LPK.dll
0x000007fefea80000 - 0x000007fefeb49000 	C:\Windows\system32\USP10.dll
0x000007fefc740000 - 0x000007fefc934000 	C:\Windows\WinSxS\amd64_microsoft.windows.common-controls_6595b64144ccf1df_6.0.7601.17514_none_fa396087175ac9ac\COMCTL32.dll
0x000007fefee70000 - 0x000007fefeee1000 	C:\Windows\system32\SHLWAPI.dll
0x000007feff210000 - 0x000007feff23e000 	C:\Windows\system32\IMM32.DLL
0x000007fefd200000 - 0x000007fefd309000 	C:\Windows\system32\MSCTF.dll
0x000000006ec10000 - 0x000000006ece2000 	C:\Program Files\Java\jdk1.7.0_55\jre\bin\msvcr100.dll
0x0000000062150000 - 0x0000000062919000 	C:\Program Files\Java\jdk1.7.0_55\jre\bin\server\jvm.dll
0x000007fef9170000 - 0x000007fef9179000 	C:\Windows\system32\WSOCK32.dll
0x000007fefe0b0000 - 0x000007fefe0fd000 	C:\Windows\system32\WS2_32.dll
0x000007fefebf0000 - 0x000007fefebf8000 	C:\Windows\system32\NSI.dll
0x000007fef9580000 - 0x000007fef95bb000 	C:\Windows\system32\WINMM.dll
0x00000000771f0000 - 0x00000000771f7000 	C:\Windows\system32\PSAPI.DLL
0x000000006ec00000 - 0x000000006ec0f000 	C:\Program Files\Java\jdk1.7.0_55\jre\bin\verify.dll
0x000000006ebd0000 - 0x000000006ebf8000 	C:\Program Files\Java\jdk1.7.0_55\jre\bin\java.dll
0x000000006e310000 - 0x000000006e325000 	C:\Program Files\Java\jdk1.7.0_55\jre\bin\zip.dll
0x000007fef04d0000 - 0x000007fef04e0000 	D:\Development\IDEA\IntelliJ IDEA Community Edition 13.1.3\bin\breakgen64.dll
0x000000006e2f0000 - 0x000000006e309000 	C:\Program Files\Java\jdk1.7.0_55\jre\bin\net.dll
0x000007fefc3b0000 - 0x000007fefc405000 	C:\Windows\system32\mswsock.dll
0x000007fefcc60000 - 0x000007fefcc67000 	C:\Windows\System32\wship6.dll
0x000000006f8c0000 - 0x000000006f8cb000 	C:\Program Files\Java\jdk1.7.0_55\jre\bin\management.dll
0x000000006e2d0000 - 0x000000006e2e1000 	C:\Program Files\Java\jdk1.7.0_55\jre\bin\nio.dll
0x000007fefb9e0000 - 0x000007fefb9f5000 	C:\Windows\system32\NLAapi.dll
0x000007fef7960000 - 0x000007fef7975000 	C:\Windows\system32\napinsp.dll
0x000007fef7940000 - 0x000007fef7959000 	C:\Windows\system32\pnrpnsp.dll
0x000007fefc100000 - 0x000007fefc15b000 	C:\Windows\system32\DNSAPI.dll
0x000007fef7bc0000 - 0x000007fef7bcb000 	C:\Windows\System32\winrnr.dll
0x0000000073be0000 - 0x0000000073c06000 	C:\Program Files\Bonjour\mdnsNSP.dll
0x000007fef90c0000 - 0x000007fef90e7000 	C:\Windows\system32\Iphlpapi.DLL
0x000007fef9040000 - 0x000007fef904b000 	C:\Windows\system32\WINNSI.DLL
0x000007fef78a0000 - 0x000007fef78cf000 	C:\Program Files\Common Files\Microsoft Shared\Windows Live\WLIDNSP.DLL
0x000007fefb7e0000 - 0x000007fefb7e7000 	C:\Windows\System32\wshtcpip.dll
0x000007fef63f0000 - 0x000007fef63f8000 	C:\Windows\system32\rasadhlp.dll
0x000007fef8ef0000 - 0x000007fef8f43000 	C:\Windows\System32\fwpuclnt.dll
0x000000006dc70000 - 0x000000006dc94000 	C:\Program Files\Java\jdk1.7.0_55\jre\bin\sunec.dll
0x000000006e2c0000 - 0x000000006e2cb000 	C:\Program Files\Java\jdk1.7.0_55\jre\bin\sunmscapi.dll
0x000007fefd080000 - 0x000007fefd1ea000 	C:\Windows\system32\CRYPT32.dll
0x000007fefce50000 - 0x000007fefce5f000 	C:\Windows\system32\MSASN1.dll
0x000007fefc960000 - 0x000007fefc977000 	C:\Windows\system32\CRYPTSP.dll
0x000007fefc010000 - 0x000007fefc057000 	C:\Windows\system32\rsaenh.dll
0x000007fefcf60000 - 0x000007fefcf7e000 	C:\Windows\system32\USERENV.dll
0x000007fefce40000 - 0x000007fefce4f000 	C:\Windows\system32\profapi.dll
0x000007fefcd40000 - 0x000007fefcd4f000 	C:\Windows\system32\CRYPTBASE.dll
0x000007fef8ed0000 - 0x000007fef8ee1000 	C:\Windows\system32\dhcpcsvc6.DLL
0x000007fef8eb0000 - 0x000007fef8ec8000 	C:\Windows\system32\dhcpcsvc.DLL
0x000000006d840000 - 0x000000006d9d5000 	C:\Program Files\Java\jdk1.7.0_55\jre\bin\awt.dll
0x000007fefec20000 - 0x000007fefecf7000 	C:\Windows\system32\OLEAUT32.dll
0x000007fefe2e0000 - 0x000007fefe4e3000 	C:\Windows\system32\ole32.dll
0x000007fefaf90000 - 0x000007fefafe6000 	C:\Windows\system32\uxtheme.dll
0x0000000010000000 - 0x0000000010041000 	C:\Program Files (x86)\ATI Technologies\HydraVision\HydraDMH64.dll
0x0000000005790000 - 0x00000000057e5000 	C:\Program Files (x86)\ATI Technologies\HydraVision\GridHook64.dll
0x000007fef67a0000 - 0x000007fef6811000 	C:\Windows\system32\WINSPOOL.DRV
0x000007fefab60000 - 0x000007fefab78000 	C:\Windows\system32\dwmapi.dll
0x000007fefb390000 - 0x000007fefb40f000 	C:\Program Files\Common Files\microsoft shared\ink\tiptsf.dll
0x000007fefbee0000 - 0x000007fefbeec000 	C:\Windows\system32\version.dll
0x000007fefd320000 - 0x000007fefe0a8000 	C:\Windows\system32\SHELL32.dll
0x000000006dc20000 - 0x000000006dc67000 	C:\Program Files\Java\jdk1.7.0_55\jre\bin\fontmanager.dll
0x000007fef9280000 - 0x000007fef947f000 	C:\Windows\system32\d3d9.dll
0x000007fef9270000 - 0x000007fef9277000 	C:\Windows\system32\d3d8thk.dll
0x000007fef5090000 - 0x000007fef519e000 	C:\Windows\system32\aticfx64.dll
0x000007fefa240000 - 0x000007fefa24f000 	C:\Windows\system32\atiu9p64.dll
0x000007fee5a30000 - 0x000007fee615d000 	C:\Windows\system32\atiumd64.dll
0x000000005e3e0000 - 0x000000005e7fe000 	C:\Windows\system32\atiumd6a.dll
0x000000006d7f0000 - 0x000000006d831000 	C:\Program Files\Java\jdk1.7.0_55\jre\bin\t2k.dll
0x0000000180000000 - 0x0000000180051000 	D:\Development\ForgeMods\shinsei\build\natives\lwjgl64.dll
0x000007fee2930000 - 0x000007fee2a4d000 	C:\Windows\system32\OPENGL32.dll
0x000007fee3620000 - 0x000007fee364d000 	C:\Windows\system32\GLU32.dll
0x000007fee3520000 - 0x000007fee3611000 	C:\Windows\system32\DDRAW.dll
0x000007fef0b50000 - 0x000007fef0b58000 	C:\Windows\system32\DCIMAN32.dll
0x000007fefe100000 - 0x000007fefe2d7000 	C:\Windows\system32\SETUPAPI.dll
0x000007fefcf20000 - 0x000007fefcf56000 	C:\Windows\system32\CFGMGR32.dll
0x000007fefd050000 - 0x000007fefd06a000 	C:\Windows\system32\DEVOBJ.dll
0x000007feea850000 - 0x000007feea859000 	C:\Windows\system32\atig6pxx.dll
0x0000000069030000 - 0x000000006a988000 	C:\Windows\system32\atio6axx.dll
0x000007fef91e0000 - 0x000007fef9270000 	C:\Windows\system32\atiadlxx.dll
0x000007fefb6d0000 - 0x000007fefb6e1000 	C:\Windows\system32\WTSAPI32.dll
0x000007fefd000000 - 0x000007fefd03a000 	C:\Windows\system32\WINTRUST.dll
0x000007fee6420000 - 0x000007fee642e000 	C:\Windows\system32\atig6txx.dll
0x000007fefe4f0000 - 0x000007fefe589000 	C:\Windows\system32\CLBCatQ.DLL
0x000007fef9180000 - 0x000007fef91d4000 	C:\Windows\system32\oleacc.dll
0x000007fee2890000 - 0x000007fee292c000 	C:\Windows\system32\mscms.dll
0x000007fee34d0000 - 0x000007fee3512000 	C:\Windows\system32\icm32.dll
0x0000000070a40000 - 0x0000000070adc000 	D:\Development\ForgeMods\shinsei\build\natives\avutil-ttv-51.dll
0x0000000065980000 - 0x00000000659d6000 	D:\Development\ForgeMods\shinsei\build\natives\swresample-ttv-0.dll
0x000000000ec50000 - 0x000000000ed20000 	D:\Development\ForgeMods\shinsei\build\natives\libmp3lame-ttv.dll
0x000007fee14e0000 - 0x000007fee2884000 	D:\Development\ForgeMods\shinsei\build\natives\libmfxsw64.dll
0x000007fedf7c0000 - 0x000007fedf8eb000 	D:\Development\ForgeMods\shinsei\build\natives\twitchsdk.dll
0x000007fefefd0000 - 0x000007feff20b000 	C:\Windows\system32\WININET.dll
0x000007fefd040000 - 0x000007fefd044000 	C:\Windows\system32\api-ms-win-downlevel-user32-l1-1-0.dll
0x000007fefd1f0000 - 0x000007fefd1f4000 	C:\Windows\system32\api-ms-win-downlevel-shlwapi-l1-1-0.dll
0x000007fefce70000 - 0x000007fefce74000 	C:\Windows\system32\api-ms-win-downlevel-version-l1-1-0.dll
0x000007fefce60000 - 0x000007fefce63000 	C:\Windows\system32\api-ms-win-downlevel-normaliz-l1-1-0.dll
0x0000000077200000 - 0x0000000077203000 	C:\Windows\system32\normaliz.DLL
0x000007fefe7d0000 - 0x000007fefea7f000 	C:\Windows\system32\iertutil.dll
0x000007fefd070000 - 0x000007fefd075000 	C:\Windows\system32\api-ms-win-downlevel-advapi32-l1-1-0.dll
0x000000000b590000 - 0x000000000b5f4000 	D:\Development\ForgeMods\shinsei\build\natives\OpenAL64.dll
0x000007fefab80000 - 0x000007fefabcb000 	C:\Windows\System32\MMDevApi.dll
0x000007fefaff0000 - 0x000007fefb11c000 	C:\Windows\System32\PROPSYS.dll
0x000007fef01f0000 - 0x000007fef0278000 	C:\Windows\system32\dsound.dll
0x000007fefa890000 - 0x000007fefa8bc000 	C:\Windows\system32\POWRPROF.dll
0x000007fef9120000 - 0x000007fef916f000 	C:\Windows\system32\AUDIOSES.DLL
0x000007fef7a30000 - 0x000007fef7b55000 	C:\Windows\system32\dbghelp.dll

VM Arguments:
jvm_args: -Xincgc -Xmx1024M -Xms1024M -Djava.library.path=D:/Development/ForgeMods/shinsei\build\natives -Dfml.ignoreInvalidMinecraftCertificates=true -Didea.launcher.port=7533 -Didea.launcher.bin.path=D:\Development\IDEA\IntelliJ IDEA Community Edition 13.1.3\bin -Dfile.encoding=UTF-8 
java_command: com.intellij.rt.execution.application.AppMain GradleStart --username rob@megathirio.com --password Lilgem12:)
Launcher Type: SUN_STANDARD

Environment Variables:
JAVA_HOME=C:\Program Files\Java\jdk1.7.0_55
CLASSPATH=.;C:\Program Files (x86)\Java\jre7\lib\ext\QTJava.zip
PATH=C:\Program Files\Common Files\Microsoft Shared\Windows Live;C:\Program Files (x86)\Common Files\Microsoft Shared\Windows Live;C:\Program Files (x86)\AMD APP\bin\x86_64;C:\Program Files (x86)\AMD APP\bin\x86;C:\Windows\system32;C:\Windows;C:\Windows\System32\Wbem;C:\Windows\System32\WindowsPowerShell\v1.0\;C:\Program Files (x86)\Windows Live\Shared;C:\Program Files\Common Files\Autodesk Shared\;C:\Program Files (x86)\Autodesk\Backburner\;C:\Program Files (x86)\ATI Technologies\ATI.ACE\Core-Static;C:\Program Files\Common Files\NeatReceipts\Drivers\M12\;c:\Program Files (x86)\Microsoft SQL Server\90\Tools\binn\;C:\Program Files\Samsung\AllShare Framework DMS\1.3.15\;C:\Program Files\Samsung\AllShare Framework DMS\1.3.15\64bit\;C:\Program Files (x86)\QuickTime\QTSystem\;C:\Program Files\MySQL\MySQL Enterprise Backup 3.9.0\;C:\Program Files (x86)\MySQL\MySQL Utilities 1.3.5\;C:\Program Files\Microsoft SQL Server\110\Tools\Binn\;D:\Development\gradle-1.12\bin;C:\Program Files\Java\jdk1.7.0_55\bin
USERNAME=Fidget
OS=Windows_NT
PROCESSOR_IDENTIFIER=AMD64 Family 16 Model 10 Stepping 0, AuthenticAMD



---------------  S Y S T E M  ---------------

OS: Windows 7 , 64 bit Build 7601 Service Pack 1

CPU:total 6 (6 cores per cpu, 1 threads per core) family 16 model 10 stepping 0, cmov, cx8, fxsr, mmx, sse, sse2, sse3, popcnt, mmxext, 3dnowpref, lzcnt, sse4a, tsc, tscinvbit, tscinv

Memory: 4k page, physical 3930164k(858600k free), swap 9823468k(3949348k free)

vm_info: Java HotSpot(TM) 64-Bit Server VM (24.55-b03) for windows-amd64 JRE (1.7.0_55-b13), built on Mar 17 2014 19:45:30 by "java_re" with unknown MS VC++:1600

time: Thu Sep 25 08:22:38 2014
elapsed time: 2528 seconds

